<?xml version="1.0" encoding="UTF-8"?>
<!-- Generated by org.testng.reporters.JUnitXMLReporter -->
<testsuite hostname="BDC6-D-84JMX52" ignored="0" name="Test" tests="8" failures="1" timestamp="2020-01-22T09:40:29 IST" time="72.563" errors="0">
  <testcase name="signonpage" time="17.972" classname="testngdemos.sampletest"/>
  <testcase name="contactpage" time="8.597" classname="testngdemos.sampletest"/>
  <testcase name="supportpage" time="8.68" classname="testngdemos.sampletest"/>
  <testcase name="registerpage" time="8.596" classname="testngdemos.sampletest"/>
  <testcase name="softassertex" time="0.012" classname="testngdemos.Softassert">
    <failure type="java.lang.AssertionError" message="The following asserts failed:
	first assert failed expected [Hello] but found [hello],
	third soft assert failed did not expect to find [true] but found [false]">
      <![CDATA[java.lang.AssertionError: The following asserts failed:
first assert failed expected [Hello] but found [hello],
third soft assert failed did not expect to find [true] but found [false]
at testngdemos.Softassert.softassertex(Softassert.java:18)
at java.util.ArrayList.forEach(ArrayList.java:1257)
... Removed 29 stack frames]]>
    </failure>
  </testcase> <!-- softassertex -->
  <testcase name="testlogin" time="8.917" classname="testngdemos.mercurytours"/>
  <testcase name="testlogin" time="9.23" classname="testngdemos.mercurytours"/>
  <testcase name="testlogin" time="10.471" classname="testngdemos.mercurytours"/>
</testsuite> <!-- Test -->
